#
# There is insufficient memory for the Java Runtime Environment to continue.
# Native memory allocation (mmap) failed to map 65536 bytes for Failed to commit area from 0x000001a16abd0000 to 0x000001a16abe0000 of length 65536.
# Possible reasons:
#   The system is out of physical RAM or swap space
#   The process is running with CompressedOops enabled, and the Java Heap may be blocking the growth of the native heap
# Possible solutions:
#   Reduce memory load on the system
#   Increase physical memory or swap space
#   Check if swap backing store is full
#   Decrease Java heap size (-Xmx/-Xms)
#   Decrease number of Java threads
#   Decrease Java thread stack sizes (-Xss)
#   Set larger code cache with -XX:ReservedCodeCacheSize=
# This output file may be truncated or incomplete.
#
#  Out of Memory Error (os_windows.cpp:3386), pid=12640, tid=6368
#
# JRE version:  (11.0.21+9) (build )
# Java VM: OpenJDK 64-Bit Server VM (11.0.21+9, mixed mode, sharing, tiered, compressed oops, g1 gc, windows-amd64)
# No core dump will be written. Minidumps are not enabled by default on client versions of Windows
#

---------------  S U M M A R Y ------------

Command Line: -Dfile.encoding=utf8 c:\Users\Oliver\.vscode\extensions\vscjava.vscode-gradle-3.14.1\lib\gradle-language-server.jar

Host: Intel(R) Core(TM) i5-7300HQ CPU @ 2.50GHz, 4 cores, 15G,  Windows 11 , 64 bit Build 22621 (10.0.22621.3672)
Time: Sun Jun 23 12:18:54 2024 South Africa Standard Time elapsed time: 0.056902 seconds (0d 0h 0m 0s)

---------------  T H R E A D  ---------------

Current thread (0x000001a1545c6000):  JavaThread "Unknown thread" [_thread_in_vm, id=6368, stack(0x0000007d08400000,0x0000007d08500000)]

Stack: [0x0000007d08400000,0x0000007d08500000]
Native frames: (J=compiled Java code, j=interpreted, Vv=VM code, C=native code)
V  [jvm.dll+0x64601a]
V  [jvm.dll+0x7d9b29]
V  [jvm.dll+0x7db229]
V  [jvm.dll+0x7db913]
V  [jvm.dll+0x26a0a5]
V  [jvm.dll+0x643239]
V  [jvm.dll+0x6377b5]
V  [jvm.dll+0x32618c]
V  [jvm.dll+0x326012]
V  [jvm.dll+0x32ad00]
V  [jvm.dll+0x372f15]
V  [jvm.dll+0x372961]
V  [jvm.dll+0x3018c8]
V  [jvm.dll+0x3029c5]
V  [jvm.dll+0x7b2c27]
V  [jvm.dll+0x7b43ef]
V  [jvm.dll+0x3802c9]
V  [jvm.dll+0x794d7f]
V  [jvm.dll+0x3f0d67]
V  [jvm.dll+0x3f3251]
C  [jli.dll+0x52ef]
C  [ucrtbase.dll+0x29333]
C  [KERNEL32.DLL+0x1257d]
C  [ntdll.dll+0x5af28]


---------------  P R O C E S S  ---------------

Threads class SMR info:
_java_thread_list=0x000001a152385a30, length=0, elements={
}

Java Threads: ( => current thread )

Other Threads:
  0x000001a1545df800 GCTaskThread "GC Thread#0" [stack: 0x0000007d08500000,0x0000007d08600000] [id=16796]
  0x000001a15463a800 ConcurrentGCThread "G1 Main Marker" [stack: 0x0000007d08600000,0x0000007d08700000] [id=10440]
  0x000001a15463c000 ConcurrentGCThread "G1 Conc#0" [stack: 0x0000007d08700000,0x0000007d08800000] [id=15696]

[error occurred during error reporting (printing all threads), id 0xc0000005, EXCEPTION_ACCESS_VIOLATION (0xc0000005) at pc=0x00007fff02832307]

VM state:not at safepoint (not fully initialized)

VM Mutex/Monitor currently owned by a thread:  ([mutex/lock_event])
[0x000001a1545c2240] Heap_lock - owner thread: 0x000001a1545c6000

Heap address: 0x0000000701c00000, size: 4068 MB, Compressed Oops mode: Non-zero based: 0x0000000701c00000
Narrow klass base: 0x0000000000000000, Narrow klass shift: 0

GC Heap History (0 events):
No events

Deoptimization events (0 events):
No events

Classes redefined (0 events):
No events

Internal exceptions (0 events):
No events

Events (1 events):
Event: 0.036 Loaded shared library C:\Program Files\Eclipse Adoptium\jre-11.0.21.9-hotspot\bin\zip.dll


Dynamic libraries:
0x00007ff65fd40000 - 0x00007ff65fd4e000 	C:\Program Files\Eclipse Adoptium\jre-11.0.21.9-hotspot\bin\java.exe
0x00007fff56330000 - 0x00007fff56547000 	C:\Windows\SYSTEM32\ntdll.dll
0x00007fff55bb0000 - 0x00007fff55c74000 	C:\Windows\System32\KERNEL32.DLL
0x00007fff53820000 - 0x00007fff53bcc000 	C:\Windows\System32\KERNELBASE.dll
0x00007fff53f50000 - 0x00007fff54061000 	C:\Windows\System32\ucrtbase.dll
0x00007fff3a220000 - 0x00007fff3a237000 	C:\Program Files\Eclipse Adoptium\jre-11.0.21.9-hotspot\bin\jli.dll
0x00007fff55310000 - 0x00007fff554be000 	C:\Windows\System32\USER32.dll
0x00007fff537c0000 - 0x00007fff537e6000 	C:\Windows\System32\win32u.dll
0x00007fff541e0000 - 0x00007fff54209000 	C:\Windows\System32\GDI32.dll
0x00007fff53e30000 - 0x00007fff53f49000 	C:\Windows\System32\gdi32full.dll
0x00007fff53720000 - 0x00007fff537ba000 	C:\Windows\System32\msvcp_win.dll
0x00007fff3bef0000 - 0x00007fff3c183000 	C:\Windows\WinSxS\amd64_microsoft.windows.common-controls_6595b64144ccf1df_6.0.22621.3672_none_2713b9d173822955\COMCTL32.dll
0x00007fff56140000 - 0x00007fff561e7000 	C:\Windows\System32\msvcrt.dll
0x00007fff3a1a0000 - 0x00007fff3a1bb000 	C:\Program Files\Eclipse Adoptium\jre-11.0.21.9-hotspot\bin\VCRUNTIME140.dll
0x00007fff562b0000 - 0x00007fff562e1000 	C:\Windows\System32\IMM32.DLL
0x00007fff4f880000 - 0x00007fff4f88c000 	C:\Program Files\Eclipse Adoptium\jre-11.0.21.9-hotspot\bin\vcruntime140_1.dll
0x00007fff16ea0000 - 0x00007fff16f2d000 	C:\Program Files\Eclipse Adoptium\jre-11.0.21.9-hotspot\bin\msvcp140.dll
0x00007fff02520000 - 0x00007fff030e3000 	C:\Program Files\Eclipse Adoptium\jre-11.0.21.9-hotspot\bin\server\jvm.dll
0x00007fff555d0000 - 0x00007fff55682000 	C:\Windows\System32\ADVAPI32.dll
0x00007fff55e40000 - 0x00007fff55eea000 	C:\Windows\System32\sechost.dll
0x00007fff537f0000 - 0x00007fff53818000 	C:\Windows\System32\bcrypt.dll
0x00007fff55c80000 - 0x00007fff55d95000 	C:\Windows\System32\RPCRT4.dll
0x00007fff55e30000 - 0x00007fff55e38000 	C:\Windows\System32\PSAPI.DLL
0x00007fff35fa0000 - 0x00007fff35fa9000 	C:\Windows\SYSTEM32\WSOCK32.dll
0x00007fff560c0000 - 0x00007fff56131000 	C:\Windows\System32\WS2_32.dll
0x00007fff4c920000 - 0x00007fff4c954000 	C:\Windows\SYSTEM32\WINMM.dll
0x00007fff4b7f0000 - 0x00007fff4b7fa000 	C:\Windows\SYSTEM32\VERSION.dll
0x00007fff52780000 - 0x00007fff52798000 	C:\Windows\SYSTEM32\kernel.appcore.dll
0x00007fff3b2f0000 - 0x00007fff3b300000 	C:\Program Files\Eclipse Adoptium\jre-11.0.21.9-hotspot\bin\verify.dll
0x00007fff40ce0000 - 0x00007fff40f12000 	C:\Windows\SYSTEM32\DBGHELP.DLL
0x00007fff55820000 - 0x00007fff55ba8000 	C:\Windows\System32\combase.dll
0x00007fff55690000 - 0x00007fff55767000 	C:\Windows\System32\OLEAUT32.dll
0x00007fff2a200000 - 0x00007fff2a232000 	C:\Windows\SYSTEM32\dbgcore.DLL
0x00007fff53db0000 - 0x00007fff53e2b000 	C:\Windows\System32\bcryptPrimitives.dll
0x00007fff179a0000 - 0x00007fff179c8000 	C:\Program Files\Eclipse Adoptium\jre-11.0.21.9-hotspot\bin\java.dll
0x00007fff3a890000 - 0x00007fff3a89a000 	C:\Program Files\Eclipse Adoptium\jre-11.0.21.9-hotspot\bin\jimage.dll
0x00007fff2c580000 - 0x00007fff2c598000 	C:\Program Files\Eclipse Adoptium\jre-11.0.21.9-hotspot\bin\zip.dll

dbghelp: loaded successfully - version: 4.0.5 - missing functions: none
symbol engine: initialized successfully - sym options: 0x614 - pdb path: .;C:\Program Files\Eclipse Adoptium\jre-11.0.21.9-hotspot\bin;C:\Windows\SYSTEM32;C:\Windows\WinSxS\amd64_microsoft.windows.common-controls_6595b64144ccf1df_6.0.22621.3672_none_2713b9d173822955;C:\Program Files\Eclipse Adoptium\jre-11.0.21.9-hotspot\bin\server

VM Arguments:
jvm_args: -Dfile.encoding=utf8 
java_command: c:\Users\Oliver\.vscode\extensions\vscjava.vscode-gradle-3.14.1\lib\gradle-language-server.jar
java_class_path (initial): c:\Users\Oliver\.vscode\extensions\vscjava.vscode-gradle-3.14.1\lib\gradle-language-server.jar
Launcher Type: SUN_STANDARD

[Global flags]
     intx CICompilerCount                          = 3                                         {product} {ergonomic}
     uint ConcGCThreads                            = 1                                         {product} {ergonomic}
     uint G1ConcRefinementThreads                  = 4                                         {product} {ergonomic}
   size_t G1HeapRegionSize                         = 1048576                                   {product} {ergonomic}
    uintx GCDrainStackTargetSize                   = 64                                        {product} {ergonomic}
   size_t InitialHeapSize                          = 268435456                                 {product} {ergonomic}
   size_t MarkStackSize                            = 4194304                                   {product} {ergonomic}
   size_t MaxHeapSize                              = 4265607168                                {product} {ergonomic}
   size_t MinHeapDeltaBytes                        = 1048576                                   {product} {ergonomic}
    uintx NonNMethodCodeHeapSize                   = 5830732                                {pd product} {ergonomic}
    uintx NonProfiledCodeHeapSize                  = 122913754                              {pd product} {ergonomic}
    uintx ProfiledCodeHeapSize                     = 122913754                              {pd product} {ergonomic}
    uintx ReservedCodeCacheSize                    = 251658240                              {pd product} {ergonomic}
     bool SegmentedCodeCache                       = true                                      {product} {ergonomic}
     bool UseCompressedClassPointers               = true                                 {lp64_product} {ergonomic}
     bool UseCompressedOops                        = true                                 {lp64_product} {ergonomic}
     bool UseG1GC                                  = true                                      {product} {ergonomic}
     bool UseLargePagesIndividualAllocation        = false                                  {pd product} {ergonomic}

Logging:
Log output configuration:
 #0: stdout all=warning uptime,level,tags
 #1: stderr all=off uptime,level,tags

Environment Variables:
JAVA_HOME=C:\Program Files\Eclipse Adoptium\jre-11.0.21.9-hotspot
PATH=C:\Program Files\Eclipse Adoptium\jre-11.0.21.9-hotspot\bin;C:\Program Files (x86)\Eclipse Adoptium\jdk-11.0.21.9-hotspot\bin;C:\Program Files\Eclipse Adoptium\jdk-21.0.1.12-hotspot\bin;C:\Program Files\Common Files\Oracle\Java\javapath;C:\Windows\system32;C:\Windows;C:\Windows\System32\Wbem;C:\Windows\System32\WindowsPowerShell\v1.0\;C:\Windows\System32\OpenSSH\;C:\Program Files\Git\cmd;C:\Program Files (x86)\NVIDIA Corporation\PhysX\Common;C:\Program Files\NVIDIA Corporation\NVIDIA NvDLISR;C:\Program Files\Java\jdk-17\bin;E:\src\flutter\bin;C:\Program Files\nodejs\;C:\Users\Oliver\AppData\Local\Pub\Cache\bin;C:\Program Files\Git LFS;C:\Users\Oliver\AppData\Local\Programs\Python\Python312;C:\Users\Oliver\AppData\Local\Microsoft\WindowsApps;C:\Program Files\Java\jdk-17\bin;C:\Users\Oliver\AppData\Local\Programs\Microsoft VS Code\bin;C:\Program Files\JetBrains\IntelliJ IDEA 2023.1.1\bin;;E:\src\flutter\bin;C:\Users\Oliver\AppData\Roaming\npm;C:\Users\Oliver\AppData\Local\Pub\Cache\bin;C:\Users\Oliver\AppData\Local\Programs\Python\Python312;C:\Users\Oliver\AppData\Local\Pub\Cache\bin\;
USERNAME=Oliver
OS=Windows_NT
PROCESSOR_IDENTIFIER=Intel64 Family 6 Model 158 Stepping 9, GenuineIntel
TMP=C:\Users\Oliver\AppData\Local\Temp
TEMP=C:\Users\Oliver\AppData\Local\Temp



---------------  S Y S T E M  ---------------

OS: Windows 11 , 64 bit Build 22621 (10.0.22621.3672)
OS uptime: 0 days 14:27 hours

CPU:total 4 (initial active 4) (4 cores per cpu, 1 threads per core) family 6 model 158 stepping 9 microcode 0xde, cmov, cx8, fxsr, mmx, sse, sse2, sse3, ssse3, sse4.1, sse4.2, popcnt, avx, avx2, aes, clmul, erms, 3dnowpref, lzcnt, tsc, tscinvbit, bmi1, bmi2, adx, fma

Memory: 4k page, system-wide physical 16264M (802M free)
TotalPageFile size 20701M (AvailPageFile size 24M)
current process WorkingSet (physical memory assigned to process): 11M, peak: 11M
current process commit charge ("private bytes"): 311M, peak: 311M

vm_info: OpenJDK 64-Bit Server VM (11.0.21+9) for windows-amd64 JRE (11.0.21+9), built on Oct 17 2023 22:10:05 by "" with MS VC++ 16.10 / 16.11 (VS2019)

END.
